0 info it worked if it ends with ok
1 verbose cli [ 'node', '/usr/local/bin/npm', 'link', 'papi-dom' ]
2 info using npm@1.2.2
3 info using node@v0.8.18
4 verbose install where,what [ '/usr/local/lib', [ 'papi-dom' ] ]
5 verbose read json /usr/local/lib/package.json
6 verbose read json /usr/local/lib/node_modules/npm/package.json
7 verbose read json /usr/local/lib/node_modules/papi-client/package.json
8 verbose read json /usr/local/lib/node_modules/supervisor/package.json
9 verbose read json /usr/local/lib/package.json
10 verbose cache add [ 'papi-dom', null ]
11 verbose cache add name=undefined spec="papi-dom" args=["papi-dom",null]
12 verbose parsed url { pathname: 'papi-dom', path: 'papi-dom', href: 'papi-dom' }
13 silly lockFile 61f0c376-papi-dom papi-dom
14 verbose lock papi-dom /Users/Pathfinder/.npm/61f0c376-papi-dom.lock
15 silly lockFile 61f0c376-papi-dom papi-dom
16 verbose addNamed [ 'papi-dom', '' ]
17 verbose addNamed [ null, '' ]
18 silly lockFile 786ce6ed-papi-dom papi-dom@
19 verbose lock papi-dom@ /Users/Pathfinder/.npm/786ce6ed-papi-dom.lock
20 silly addNameRange { name: 'papi-dom', range: '', hasData: false }
21 verbose url raw papi-dom
22 verbose url resolving [ 'https://registry.npmjs.org/', './papi-dom' ]
23 verbose url resolved https://registry.npmjs.org/papi-dom
24 info trying registry request attempt 1 at 13:31:25
25 http GET https://registry.npmjs.org/papi-dom
26 http 404 https://registry.npmjs.org/papi-dom
27 silly registry.get cb [ 404,
27 silly registry.get   { date: 'Mon, 13 Jan 2014 21:31:26 GMT',
27 silly registry.get     server: 'CouchDB/1.5.0 (Erlang OTP/R15B03)',
27 silly registry.get     'content-type': 'application/json',
27 silly registry.get     'cache-control': 'max-age=0',
27 silly registry.get     'content-length': '52',
27 silly registry.get     'accept-ranges': 'bytes',
27 silly registry.get     via: '1.1 varnish',
27 silly registry.get     age: '0',
27 silly registry.get     'x-served-by': 'cache-lax1420-LAX',
27 silly registry.get     'x-cache': 'MISS',
27 silly registry.get     'x-cache-hits': '0',
27 silly registry.get     'x-timer': 'S1389648686.191639662,VS0,VE143',
27 silly registry.get     'keep-alive': 'timeout=10, max=50',
27 silly registry.get     connection: 'Keep-Alive' } ]
28 silly lockFile 786ce6ed-papi-dom papi-dom@
29 error 404 'papi-dom' is not in the npm registry.
29 error 404 You should bug the author to publish it
29 error 404
29 error 404 Note that you can also install from a
29 error 404 tarball, folder, or http url, or git url.
30 error System Darwin 12.5.0
31 error command "node" "/usr/local/bin/npm" "link" "papi-dom"
32 error cwd /Users/Pathfinder/Sites/papi-dom
33 error node -v v0.8.18
34 error npm -v 1.2.2
35 error code E404
36 verbose exit [ 1, true ]
